#
# There is insufficient memory for the Java Runtime Environment to continue.
# Native memory allocation (malloc) failed to allocate 1136448 bytes for Chunk::new
# Possible reasons:
#   The system is out of physical RAM or swap space
#   The process is running with CompressedOops enabled, and the Java Heap may be blocking the growth of the native heap
# Possible solutions:
#   Reduce memory load on the system
#   Increase physical memory or swap space
#   Check if swap backing store is full
#   Decrease Java heap size (-Xmx/-Xms)
#   Decrease number of Java threads
#   Decrease Java thread stack sizes (-Xss)
#   Set larger code cache with -XX:ReservedCodeCacheSize=
#   JVM is running with Unscaled Compressed Oops mode in which the Java heap is
#     placed in the first 4GB address space. The Java Heap base address is the
#     maximum limit for the native heap growth. Please use -XX:HeapBaseMinAddress
#     to set the Java Heap base and to place the Java Heap above 4GB virtual address.
# This output file may be truncated or incomplete.
#
#  Out of Memory Error (arena.cpp:195), pid=1112, tid=2860
#
# JRE version: Java(TM) SE Runtime Environment (16.0.2+7) (build 16.0.2+7-67)
# Java VM: Java HotSpot(TM) 64-Bit Server VM (16.0.2+7-67, mixed mode, sharing, tiered, compressed oops, compressed class ptrs, g1 gc, windows-amd64)
# No core dump will be written. Minidumps are not enabled by default on client versions of Windows
#

---------------  S U M M A R Y ------------

Command Line: --add-opens=java.base/java.util=ALL-UNNAMED --add-opens=java.base/java.lang=ALL-UNNAMED --add-opens=java.base/java.lang.invoke=ALL-UNNAMED --add-opens=java.prefs/java.util.prefs=ALL-UNNAMED --add-exports=jdk.compiler/com.sun.tools.javac.api=ALL-UNNAMED --add-exports=jdk.compiler/com.sun.tools.javac.util=ALL-UNNAMED --add-opens=java.base/java.nio.charset=ALL-UNNAMED --add-opens=java.base/java.net=ALL-UNNAMED --add-opens=java.base/java.util.concurrent.atomic=ALL-UNNAMED -Xmx2048m -Dfile.encoding=UTF-8 -Duser.country=US -Duser.language=en -Duser.variant -javaagent:C:\Users\Amiga\.gradle\wrapper\dists\gradle-8.9-bin\90cnw93cvbtalezasaz0blq0a\gradle-8.9\lib\agents\gradle-instrumentation-agent-8.9.jar org.gradle.launcher.daemon.bootstrap.GradleDaemon 8.9

Host: Intel(R) Core(TM) i5-3320M CPU @ 2.60GHz, 4 cores, 7G,  Windows 10 , 64 bit Build 19041 (10.0.19041.5438)
Time: Wed Mar 12 16:06:49 2025 Pakistan Standard Time elapsed time: 18.709162 seconds (0d 0h 0m 18s)

---------------  T H R E A D  ---------------

Current thread (0x0000021249f12110):  JavaThread "C2 CompilerThread0" daemon [_thread_in_native, id=2860, stack(0x000000a34d600000,0x000000a34d700000)]


Current CompileTask:
C2:  18709 5383       4       java.util.regex.Pattern::split (288 bytes)

Stack: [0x000000a34d600000,0x000000a34d700000]
Native frames: (J=compiled Java code, j=interpreted, Vv=VM code, C=native code)
V  [jvm.dll+0x6681ca]
V  [jvm.dll+0x7c9e69]
V  [jvm.dll+0x7cb61e]
V  [jvm.dll+0x7cbc73]
V  [jvm.dll+0x242c55]
V  [jvm.dll+0xadeba]
V  [jvm.dll+0xae45c]
V  [jvm.dll+0x35a8d7]
V  [jvm.dll+0x324de1]
V  [jvm.dll+0x32428a]
V  [jvm.dll+0x215cec]
V  [jvm.dll+0x215100]
V  [jvm.dll+0x1a1beb]
V  [jvm.dll+0x225158]
V  [jvm.dll+0x22319c]
V  [jvm.dll+0x77fa62]
V  [jvm.dll+0x7795aa]
V  [jvm.dll+0x667066]
C  [ucrtbase.dll+0x21bb2]
C  [KERNEL32.DLL+0x17374]
C  [ntdll.dll+0x4cc91]


---------------  P R O C E S S  ---------------

Threads class SMR info:
_java_thread_list=0x000002124e8e48a0, length=34, elements={
0x000002122c706220, 0x0000021249efab00, 0x0000021249efb610, 0x0000021249f041a0,
0x0000021249f04cb0, 0x0000021249f0a5f0, 0x0000021249f0af00, 0x0000021249f12110,
0x0000021249f14b20, 0x0000021249f1fc80, 0x000002124a969190, 0x000002124aaba480,
0x000002124c679020, 0x000002124c5fd290, 0x000002124c6bd620, 0x000002124c730800,
0x000002124c730d20, 0x000002124b83a1d0, 0x000002124b83ac70, 0x000002124b839c80,
0x000002124b83b710, 0x000002124b83bc60, 0x000002124b838740, 0x000002124b838c90,
0x000002124b83a720, 0x000002124ca02470, 0x000002124ca03f00, 0x000002124ca06980,
0x000002124ca07ec0, 0x000002124ca04450, 0x000002124ca049a0, 0x000002124ca04ef0,
0x000002124ca07420, 0x00000212500e6fa0
}

Java Threads: ( => current thread )
  0x000002122c706220 JavaThread "main" [_thread_blocked, id=9032, stack(0x000000a34c900000,0x000000a34ca00000)]
  0x0000021249efab00 JavaThread "Reference Handler" daemon [_thread_blocked, id=4956, stack(0x000000a34d000000,0x000000a34d100000)]
  0x0000021249efb610 JavaThread "Finalizer" daemon [_thread_blocked, id=11016, stack(0x000000a34d100000,0x000000a34d200000)]
  0x0000021249f041a0 JavaThread "Signal Dispatcher" daemon [_thread_blocked, id=13240, stack(0x000000a34d200000,0x000000a34d300000)]
  0x0000021249f04cb0 JavaThread "Attach Listener" daemon [_thread_blocked, id=4876, stack(0x000000a34d300000,0x000000a34d400000)]
  0x0000021249f0a5f0 JavaThread "Service Thread" daemon [_thread_blocked, id=6832, stack(0x000000a34d400000,0x000000a34d500000)]
  0x0000021249f0af00 JavaThread "Monitor Deflation Thread" daemon [_thread_blocked, id=8640, stack(0x000000a34d500000,0x000000a34d600000)]
=>0x0000021249f12110 JavaThread "C2 CompilerThread0" daemon [_thread_in_native, id=2860, stack(0x000000a34d600000,0x000000a34d700000)]
  0x0000021249f14b20 JavaThread "C1 CompilerThread0" daemon [_thread_blocked, id=14264, stack(0x000000a34d700000,0x000000a34d800000)]
  0x0000021249f1fc80 JavaThread "Sweeper thread" daemon [_thread_blocked, id=15232, stack(0x000000a34d800000,0x000000a34d900000)]
  0x000002124a969190 JavaThread "Common-Cleaner" daemon [_thread_blocked, id=14752, stack(0x000000a34d900000,0x000000a34da00000)]
  0x000002124aaba480 JavaThread "Notification Thread" daemon [_thread_blocked, id=3344, stack(0x000000a34da00000,0x000000a34db00000)]
  0x000002124c679020 JavaThread "Daemon health stats" [_thread_blocked, id=8036, stack(0x000000a34de00000,0x000000a34df00000)]
  0x000002124c5fd290 JavaThread "Incoming local TCP Connector on port 56655" [_thread_in_native, id=9348, stack(0x000000a34e100000,0x000000a34e200000)]
  0x000002124c6bd620 JavaThread "Daemon periodic checks" [_thread_blocked, id=8136, stack(0x000000a34e200000,0x000000a34e300000)]
  0x000002124c730800 JavaThread "Daemon" [_thread_blocked, id=7348, stack(0x000000a34e300000,0x000000a34e400000)]
  0x000002124c730d20 JavaThread "Handler for socket connection from /127.0.0.1:56655 to /127.0.0.1:56656" [_thread_in_native, id=14352, stack(0x000000a34e400000,0x000000a34e500000)]
  0x000002124b83a1d0 JavaThread "Cancel handler" [_thread_blocked, id=6560, stack(0x000000a34e500000,0x000000a34e600000)]
  0x000002124b83ac70 JavaThread "Daemon worker" [_thread_in_vm, id=1728, stack(0x000000a34e600000,0x000000a34e700000)]
  0x000002124b839c80 JavaThread "Asynchronous log dispatcher for DefaultDaemonConnection: socket connection from /127.0.0.1:56655 to /127.0.0.1:56656" [_thread_blocked, id=11988, stack(0x000000a34e700000,0x000000a34e800000)]
  0x000002124b83b710 JavaThread "Stdin handler" [_thread_blocked, id=13556, stack(0x000000a34e800000,0x000000a34e900000)]
  0x000002124b83bc60 JavaThread "Daemon client event forwarder" [_thread_blocked, id=14872, stack(0x000000a34e900000,0x000000a34ea00000)]
  0x000002124b838740 JavaThread "Cache worker for journal cache (C:\Users\Amiga\.gradle\caches\journal-1)" [_thread_blocked, id=11320, stack(0x000000a34ea00000,0x000000a34eb00000)]
  0x000002124b838c90 JavaThread "File lock request listener" [_thread_in_native, id=12368, stack(0x000000a34eb00000,0x000000a34ec00000)]
  0x000002124b83a720 JavaThread "Cache worker for file hash cache (C:\Users\Amiga\.gradle\caches\8.9\fileHashes)" [_thread_blocked, id=4692, stack(0x000000a34ec00000,0x000000a34ed00000)]
  0x000002124ca02470 JavaThread "Cache worker for file hash cache (C:\Users\Amiga\AndroidStudioProjects\EcoRaySolutions\.gradle\8.9\fileHashes)" [_thread_blocked, id=748, stack(0x000000a34ee00000,0x000000a34ef00000)]
  0x000002124ca03f00 JavaThread "Cache worker for Build Output Cleanup Cache (C:\Users\Amiga\AndroidStudioProjects\EcoRaySolutions\.gradle\buildOutputCleanup)" [_thread_blocked, id=15148, stack(0x000000a34ef00000,0x000000a34f000000)]
  0x000002124ca06980 JavaThread "File watcher server" daemon [_thread_in_native, id=14520, stack(0x000000a34f000000,0x000000a34f100000)]
  0x000002124ca07ec0 JavaThread "File watcher consumer" daemon [_thread_blocked, id=10356, stack(0x000000a34f100000,0x000000a34f200000)]
  0x000002124ca04450 JavaThread "Cache worker for checksums cache (C:\Users\Amiga\AndroidStudioProjects\EcoRaySolutions\.gradle\8.9\checksums)" [_thread_blocked, id=15272, stack(0x000000a34ed00000,0x000000a34ee00000)]
  0x000002124ca049a0 JavaThread "Cache worker for file content cache (C:\Users\Amiga\.gradle\caches\8.9\fileContent)" [_thread_blocked, id=11996, stack(0x000000a34f200000,0x000000a34f300000)]
  0x000002124ca04ef0 JavaThread "Cache worker for cache directory md-rule (C:\Users\Amiga\.gradle\caches\8.9\md-rule)" [_thread_blocked, id=10752, stack(0x000000a34f300000,0x000000a34f400000)]
  0x000002124ca07420 JavaThread "Cache worker for cache directory md-supplier (C:\Users\Amiga\.gradle\caches\8.9\md-supplier)" [_thread_blocked, id=15052, stack(0x000000a34f400000,0x000000a34f500000)]
  0x00000212500e6fa0 JavaThread "C2 CompilerThread1" daemon [_thread_in_native, id=6068, stack(0x000000a34f500000,0x000000a34f600000)]

Other Threads:
  0x0000021249ef30e0 VMThread "VM Thread" [stack: 0x000000a34cf00000,0x000000a34d000000] [id=4828]
  0x000002124aa17650 WatcherThread [stack: 0x000000a34db00000,0x000000a34dc00000] [id=7220]
  0x000002122c743de0 GCTaskThread "GC Thread#0" [stack: 0x000000a34ca00000,0x000000a34cb00000] [id=7808]
  0x000002124aaed990 GCTaskThread "GC Thread#1" [stack: 0x000000a34dc00000,0x000000a34dd00000] [id=1660]
  0x000002124aaedca0 GCTaskThread "GC Thread#2" [stack: 0x000000a34dd00000,0x000000a34de00000] [id=12860]
  0x000002124b4fe910 GCTaskThread "GC Thread#3" [stack: 0x000000a34df00000,0x000000a34e000000] [id=8924]
  0x000002122c755d40 ConcurrentGCThread "G1 Main Marker" [stack: 0x000000a34cb00000,0x000000a34cc00000] [id=11236]
  0x000002122c757e70 ConcurrentGCThread "G1 Conc#0" [stack: 0x000000a34cc00000,0x000000a34cd00000] [id=3172]
  0x000002122c7d1e50 ConcurrentGCThread "G1 Refine#0" [stack: 0x000000a34cd00000,0x000000a34ce00000] [id=1716]
  0x000002124b4fec20 ConcurrentGCThread "G1 Refine#1" [stack: 0x000000a34e000000,0x000000a34e100000] [id=12068]
  0x000002124efc71d0 ConcurrentGCThread "G1 Refine#2" [stack: 0x000000a34f600000,0x000000a34f700000] [id=2132]
  0x000002124efc6e90 ConcurrentGCThread "G1 Refine#3" [stack: 0x000000a34f700000,0x000000a34f800000] [id=7704]
  0x000002122c7d2680 ConcurrentGCThread "G1 Service" [stack: 0x000000a34ce00000,0x000000a34cf00000] [id=6028]

Threads with active compile tasks:
C2 CompilerThread0    18767 5383       4       java.util.regex.Pattern::split (288 bytes)

VM state: not at safepoint (normal execution)

VM Mutex/Monitor currently owned by a thread: None

Heap address: 0x0000000080000000, size: 2048 MB, Compressed Oops mode: 32-bit

CDS archive(s) mapped at: [0x0000000800000000-0x0000000800bb0000-0x0000000800bb0000), size 12255232, SharedBaseAddress: 0x0000000800000000, ArchiveRelocationMode: 0.
Compressed class space mapped at: 0x0000000800c00000-0x0000000840c00000, reserved size: 1073741824
Narrow klass base: 0x0000000800000000, Narrow klass shift: 3, Narrow klass range: 0x100000000

GC Precious Log:
 CPUs: 4 total, 4 available
 Memory: 8072M
 Large Page Support: Disabled
 NUMA Support: Disabled
 Compressed Oops: Enabled (32-bit)
 Heap Region Size: 1M
 Heap Min Capacity: 8M
 Heap Initial Capacity: 128M
 Heap Max Capacity: 2G
 Pre-touch: Disabled
 Parallel Workers: 4
 Concurrent Workers: 1
 Concurrent Refinement Workers: 4
 Periodic GC: Disabled

Heap:
 garbage-first heap   total 114688K, used 68211K [0x0000000080000000, 0x0000000100000000)
  region size 1024K, 9 young (9216K), 3 survivors (3072K)
 Metaspace       used 70299K, committed 70848K, reserved 1114112K
  class space    used 9409K, committed 9664K, reserved 1048576K

Heap Regions: E=young(eden), S=young(survivor), O=old, HS=humongous(starts), HC=humongous(continues), CS=collection set, F=free, OA=open archive, CA=closed archive, TAMS=top-at-mark-start (previous, next)
|   0|0x0000000080000000, 0x0000000080100000, 0x0000000080100000|100%|HS|  |TAMS 0x0000000080100000, 0x0000000080000000| Complete 
|   1|0x0000000080100000, 0x0000000080200000, 0x0000000080200000|100%|HC|  |TAMS 0x0000000080200000, 0x0000000080100000| Complete 
|   2|0x0000000080200000, 0x0000000080300000, 0x0000000080300000|100%|HC|  |TAMS 0x0000000080300000, 0x0000000080200000| Complete 
|   3|0x0000000080300000, 0x0000000080400000, 0x0000000080400000|100%|HC|  |TAMS 0x0000000080400000, 0x0000000080300000| Complete 
|   4|0x0000000080400000, 0x0000000080500000, 0x0000000080500000|100%| O|  |TAMS 0x0000000080500000, 0x0000000080400000| Updating 
|   5|0x0000000080500000, 0x0000000080600000, 0x0000000080600000|100%| O|  |TAMS 0x0000000080600000, 0x0000000080500000| Updating 
|   6|0x0000000080600000, 0x0000000080700000, 0x0000000080700000|100%| O|  |TAMS 0x0000000080700000, 0x0000000080600000| Updating 
|   7|0x0000000080700000, 0x0000000080800000, 0x0000000080800000|100%| O|  |TAMS 0x0000000080800000, 0x0000000080700000| Updating 
|   8|0x0000000080800000, 0x0000000080900000, 0x0000000080900000|100%|HS|  |TAMS 0x0000000080900000, 0x0000000080800000| Complete 
|   9|0x0000000080900000, 0x0000000080a00000, 0x0000000080a00000|100%| O|  |TAMS 0x0000000080a00000, 0x0000000080900000| Updating 
|  10|0x0000000080a00000, 0x0000000080b00000, 0x0000000080b00000|100%| O|  |TAMS 0x0000000080b00000, 0x0000000080a00000| Updating 
|  11|0x0000000080b00000, 0x0000000080c00000, 0x0000000080c00000|100%| O|  |TAMS 0x0000000080c00000, 0x0000000080b00000| Updating 
|  12|0x0000000080c00000, 0x0000000080d00000, 0x0000000080d00000|100%| O|  |TAMS 0x0000000080d00000, 0x0000000080c00000| Updating 
|  13|0x0000000080d00000, 0x0000000080e00000, 0x0000000080e00000|100%| O|  |TAMS 0x0000000080e00000, 0x0000000080d00000| Updating 
|  14|0x0000000080e00000, 0x0000000080f00000, 0x0000000080f00000|100%| O|  |TAMS 0x0000000080f00000, 0x0000000080e00000| Updating 
|  15|0x0000000080f00000, 0x0000000081000000, 0x0000000081000000|100%| O|  |TAMS 0x0000000081000000, 0x0000000080f00000| Updating 
|  16|0x0000000081000000, 0x000000008105f000, 0x0000000081100000| 37%| O|  |TAMS 0x000000008105f000, 0x0000000081000000| Updating 
|  17|0x0000000081100000, 0x0000000081200000, 0x0000000081200000|100%| O|  |TAMS 0x0000000081200000, 0x0000000081100000| Updating 
|  18|0x0000000081200000, 0x0000000081300000, 0x0000000081300000|100%| O|  |TAMS 0x0000000081300000, 0x0000000081200000| Updating 
|  19|0x0000000081300000, 0x0000000081400000, 0x0000000081400000|100%| O|  |TAMS 0x0000000081400000, 0x0000000081300000| Updating 
|  20|0x0000000081400000, 0x0000000081500000, 0x0000000081500000|100%| O|  |TAMS 0x0000000081500000, 0x0000000081400000| Updating 
|  21|0x0000000081500000, 0x0000000081600000, 0x0000000081600000|100%| O|  |TAMS 0x0000000081600000, 0x0000000081500000| Updating 
|  22|0x0000000081600000, 0x0000000081700000, 0x0000000081700000|100%| O|  |TAMS 0x0000000081700000, 0x0000000081600000| Updating 
|  23|0x0000000081700000, 0x0000000081800000, 0x0000000081800000|100%| O|  |TAMS 0x0000000081800000, 0x0000000081700000| Updating 
|  24|0x0000000081800000, 0x0000000081900000, 0x0000000081900000|100%| O|  |TAMS 0x0000000081900000, 0x0000000081800000| Complete 
|  25|0x0000000081900000, 0x0000000081a00000, 0x0000000081a00000|100%| O|  |TAMS 0x0000000081a00000, 0x0000000081900000| Untracked 
|  26|0x0000000081a00000, 0x0000000081b00000, 0x0000000081b00000|100%| O|  |TAMS 0x0000000081b00000, 0x0000000081a00000| Untracked 
|  27|0x0000000081b00000, 0x0000000081c00000, 0x0000000081c00000|100%| O|  |TAMS 0x0000000081c00000, 0x0000000081b00000| Untracked 
|  28|0x0000000081c00000, 0x0000000081d00000, 0x0000000081d00000|100%| O|  |TAMS 0x0000000081d00000, 0x0000000081c00000| Untracked 
|  29|0x0000000081d00000, 0x0000000081e00000, 0x0000000081e00000|100%| O|  |TAMS 0x0000000081e00000, 0x0000000081d00000| Untracked 
|  30|0x0000000081e00000, 0x0000000081f00000, 0x0000000081f00000|100%| O|  |TAMS 0x0000000081f00000, 0x0000000081e00000| Untracked 
|  31|0x0000000081f00000, 0x0000000082000000, 0x0000000082000000|100%| O|  |TAMS 0x0000000082000000, 0x0000000081f00000| Untracked 
|  32|0x0000000082000000, 0x0000000082100000, 0x0000000082100000|100%| O|  |TAMS 0x0000000082100000, 0x0000000082000000| Untracked 
|  33|0x0000000082100000, 0x0000000082200000, 0x0000000082200000|100%| O|  |TAMS 0x0000000082200000, 0x0000000082100000| Untracked 
|  34|0x0000000082200000, 0x0000000082300000, 0x0000000082300000|100%|HS|  |TAMS 0x0000000082300000, 0x0000000082200000| Complete 
|  35|0x0000000082300000, 0x0000000082400000, 0x0000000082400000|100%|HC|  |TAMS 0x0000000082400000, 0x0000000082300000| Complete 
|  36|0x0000000082400000, 0x0000000082500000, 0x0000000082500000|100%|HC|  |TAMS 0x0000000082500000, 0x0000000082400000| Complete 
|  37|0x0000000082500000, 0x0000000082600000, 0x0000000082600000|100%|HC|  |TAMS 0x0000000082600000, 0x0000000082500000| Complete 
|  38|0x0000000082600000, 0x0000000082700000, 0x0000000082700000|100%|HC|  |TAMS 0x0000000082700000, 0x0000000082600000| Complete 
|  39|0x0000000082700000, 0x0000000082800000, 0x0000000082800000|100%|HC|  |TAMS 0x0000000082800000, 0x0000000082700000| Complete 
|  40|0x0000000082800000, 0x0000000082900000, 0x0000000082900000|100%| O|  |TAMS 0x0000000082900000, 0x0000000082800000| Untracked 
|  41|0x0000000082900000, 0x0000000082a00000, 0x0000000082a00000|100%| O|  |TAMS 0x0000000082a00000, 0x0000000082900000| Untracked 
|  42|0x0000000082a00000, 0x0000000082b00000, 0x0000000082b00000|100%| O|  |TAMS 0x0000000082b00000, 0x0000000082a00000| Untracked 
|  43|0x0000000082b00000, 0x0000000082c00000, 0x0000000082c00000|100%| O|  |TAMS 0x0000000082c00000, 0x0000000082b00000| Untracked 
|  44|0x0000000082c00000, 0x0000000082d00000, 0x0000000082d00000|100%| O|  |TAMS 0x0000000082d00000, 0x0000000082c00000| Untracked 
|  45|0x0000000082d00000, 0x0000000082e00000, 0x0000000082e00000|100%| O|  |TAMS 0x0000000082e00000, 0x0000000082d00000| Untracked 
|  46|0x0000000082e00000, 0x0000000082f00000, 0x0000000082f00000|100%| O|  |TAMS 0x0000000082f00000, 0x0000000082e00000| Untracked 
|  47|0x0000000082f00000, 0x0000000083000000, 0x0000000083000000|100%| O|  |TAMS 0x0000000083000000, 0x0000000082f00000| Untracked 
|  48|0x0000000083000000, 0x0000000083100000, 0x0000000083100000|100%| O|  |TAMS 0x0000000083100000, 0x0000000083000000| Untracked 
|  49|0x0000000083100000, 0x0000000083200000, 0x0000000083200000|100%| O|  |TAMS 0x0000000083200000, 0x0000000083100000| Untracked 
|  50|0x0000000083200000, 0x0000000083300000, 0x0000000083300000|100%|HS|  |TAMS 0x0000000083300000, 0x0000000083200000| Complete 
|  51|0x0000000083300000, 0x0000000083400000, 0x0000000083400000|100%| O|  |TAMS 0x0000000083400000, 0x0000000083300000| Untracked 
|  52|0x0000000083400000, 0x0000000083500000, 0x0000000083500000|100%| O|  |TAMS 0x0000000083500000, 0x0000000083400000| Untracked 
|  53|0x0000000083500000, 0x0000000083600000, 0x0000000083600000|100%| O|  |TAMS 0x0000000083600000, 0x0000000083500000| Untracked 
|  54|0x0000000083600000, 0x0000000083700000, 0x0000000083700000|100%| O|  |TAMS 0x0000000083700000, 0x0000000083600000| Untracked 
|  55|0x0000000083700000, 0x0000000083800000, 0x0000000083800000|100%| O|  |TAMS 0x0000000083800000, 0x0000000083700000| Untracked 
|  56|0x0000000083800000, 0x0000000083900000, 0x0000000083900000|100%| O|  |TAMS 0x0000000083900000, 0x0000000083800000| Untracked 
|  57|0x0000000083900000, 0x0000000083a00000, 0x0000000083a00000|100%| O|  |TAMS 0x0000000083a00000, 0x0000000083900000| Untracked 
|  58|0x0000000083a00000, 0x0000000083b00000, 0x0000000083b00000|100%| O|  |TAMS 0x0000000083b00000, 0x0000000083a00000| Untracked 
|  59|0x0000000083b00000, 0x0000000083b7b400, 0x0000000083c00000| 48%| O|  |TAMS 0x0000000083b7b400, 0x0000000083b00000| Untracked 
|  60|0x0000000083c00000, 0x0000000083c00000, 0x0000000083d00000|  0%| F|  |TAMS 0x0000000083c00000, 0x0000000083c00000| Untracked 
|  61|0x0000000083d00000, 0x0000000083d00000, 0x0000000083e00000|  0%| F|  |TAMS 0x0000000083d00000, 0x0000000083d00000| Untracked 
|  62|0x0000000083e00000, 0x0000000083e00000, 0x0000000083f00000|  0%| F|  |TAMS 0x0000000083e00000, 0x0000000083e00000| Untracked 
|  63|0x0000000083f00000, 0x0000000083f00000, 0x0000000084000000|  0%| F|  |TAMS 0x0000000083f00000, 0x0000000083f00000| Untracked 
|  64|0x0000000084000000, 0x0000000084000000, 0x0000000084100000|  0%| F|  |TAMS 0x0000000084000000, 0x0000000084000000| Untracked 
|  65|0x0000000084100000, 0x0000000084100000, 0x0000000084200000|  0%| F|  |TAMS 0x0000000084100000, 0x0000000084100000| Untracked 
|  66|0x0000000084200000, 0x0000000084200000, 0x0000000084300000|  0%| F|  |TAMS 0x0000000084200000, 0x0000000084200000| Untracked 
|  67|0x0000000084300000, 0x0000000084300000, 0x0000000084400000|  0%| F|  |TAMS 0x0000000084300000, 0x0000000084300000| Untracked 
|  68|0x0000000084400000, 0x0000000084400000, 0x0000000084500000|  0%| F|  |TAMS 0x0000000084400000, 0x0000000084400000| Untracked 
|  69|0x0000000084500000, 0x0000000084500000, 0x0000000084600000|  0%| F|  |TAMS 0x0000000084500000, 0x0000000084500000| Untracked 
|  70|0x0000000084600000, 0x0000000084600000, 0x0000000084700000|  0%| F|  |TAMS 0x0000000084600000, 0x0000000084600000| Untracked 
|  71|0x0000000084700000, 0x0000000084700000, 0x0000000084800000|  0%| F|  |TAMS 0x0000000084700000, 0x0000000084700000| Untracked 
|  72|0x0000000084800000, 0x0000000084800000, 0x0000000084900000|  0%| F|  |TAMS 0x0000000084800000, 0x0000000084800000| Untracked 
|  73|0x0000000084900000, 0x0000000084900000, 0x0000000084a00000|  0%| F|  |TAMS 0x0000000084900000, 0x0000000084900000| Untracked 
|  74|0x0000000084a00000, 0x0000000084a00000, 0x0000000084b00000|  0%| F|  |TAMS 0x0000000084a00000, 0x0000000084a00000| Untracked 
|  75|0x0000000084b00000, 0x0000000084b00000, 0x0000000084c00000|  0%| F|  |TAMS 0x0000000084b00000, 0x0000000084b00000| Untracked 
|  76|0x0000000084c00000, 0x0000000084c00000, 0x0000000084d00000|  0%| F|  |TAMS 0x0000000084c00000, 0x0000000084c00000| Untracked 
|  77|0x0000000084d00000, 0x0000000084dc2ab8, 0x0000000084e00000| 76%| S|CS|TAMS 0x0000000084d00000, 0x0000000084d00000| Complete 
|  78|0x0000000084e00000, 0x0000000084f00000, 0x0000000084f00000|100%| S|CS|TAMS 0x0000000084e00000, 0x0000000084e00000| Complete 
|  79|0x0000000084f00000, 0x0000000085000000, 0x0000000085000000|100%| S|CS|TAMS 0x0000000084f00000, 0x0000000084f00000| Complete 
|  80|0x0000000085000000, 0x0000000085000000, 0x0000000085100000|  0%| F|  |TAMS 0x0000000085000000, 0x0000000085000000| Untracked 
|  81|0x0000000085100000, 0x0000000085100000, 0x0000000085200000|  0%| F|  |TAMS 0x0000000085100000, 0x0000000085100000| Untracked 
|  82|0x0000000085200000, 0x0000000085200000, 0x0000000085300000|  0%| F|  |TAMS 0x0000000085200000, 0x0000000085200000| Untracked 
|  83|0x0000000085300000, 0x0000000085300000, 0x0000000085400000|  0%| F|  |TAMS 0x0000000085300000, 0x0000000085300000| Untracked 
|  84|0x0000000085400000, 0x0000000085400000, 0x0000000085500000|  0%| F|  |TAMS 0x0000000085400000, 0x0000000085400000| Untracked 
|  85|0x0000000085500000, 0x0000000085500000, 0x0000000085600000|  0%| F|  |TAMS 0x0000000085500000, 0x0000000085500000| Untracked 
|  86|0x0000000085600000, 0x0000000085600000, 0x0000000085700000|  0%| F|  |TAMS 0x0000000085600000, 0x0000000085600000| Untracked 
|  87|0x0000000085700000, 0x0000000085700000, 0x0000000085800000|  0%| F|  |TAMS 0x0000000085700000, 0x0000000085700000| Untracked 
|  88|0x0000000085800000, 0x0000000085800000, 0x0000000085900000|  0%| F|  |TAMS 0x0000000085800000, 0x0000000085800000| Untracked 
|  89|0x0000000085900000, 0x0000000085900000, 0x0000000085a00000|  0%| F|  |TAMS 0x0000000085900000, 0x0000000085900000| Untracked 
|  90|0x0000000085a00000, 0x0000000085a00000, 0x0000000085b00000|  0%| F|  |TAMS 0x0000000085a00000, 0x0000000085a00000| Untracked 
|  91|0x0000000085b00000, 0x0000000085b00000, 0x0000000085c00000|  0%| F|  |TAMS 0x0000000085b00000, 0x0000000085b00000| Untracked 
|  92|0x0000000085c00000, 0x0000000085c00000, 0x0000000085d00000|  0%| F|  |TAMS 0x0000000085c00000, 0x0000000085c00000| Untracked 
|  93|0x0000000085d00000, 0x0000000085d00000, 0x0000000085e00000|  0%| F|  |TAMS 0x0000000085d00000, 0x0000000085d00000| Untracked 
|  94|0x0000000085e00000, 0x0000000085e00000, 0x0000000085f00000|  0%| F|  |TAMS 0x0000000085e00000, 0x0000000085e00000| Untracked 
|  95|0x0000000085f00000, 0x0000000085f00000, 0x0000000086000000|  0%| F|  |TAMS 0x0000000085f00000, 0x0000000085f00000| Untracked 
|  96|0x0000000086000000, 0x0000000086000000, 0x0000000086100000|  0%| F|  |TAMS 0x0000000086000000, 0x0000000086000000| Untracked 
|  97|0x0000000086100000, 0x0000000086100000, 0x0000000086200000|  0%| F|  |TAMS 0x0000000086100000, 0x0000000086100000| Untracked 
|  98|0x0000000086200000, 0x0000000086200000, 0x0000000086300000|  0%| F|  |TAMS 0x0000000086200000, 0x0000000086200000| Untracked 
|  99|0x0000000086300000, 0x0000000086300000, 0x0000000086400000|  0%| F|  |TAMS 0x0000000086300000, 0x0000000086300000| Untracked 
| 100|0x0000000086400000, 0x0000000086400000, 0x0000000086500000|  0%| F|  |TAMS 0x0000000086400000, 0x0000000086400000| Untracked 
| 101|0x0000000086500000, 0x0000000086500000, 0x0000000086600000|  0%| F|  |TAMS 0x0000000086500000, 0x0000000086500000| Untracked 
| 102|0x0000000086600000, 0x0000000086600000, 0x0000000086700000|  0%| F|  |TAMS 0x0000000086600000, 0x0000000086600000| Untracked 
| 103|0x0000000086700000, 0x0000000086700000, 0x0000000086800000|  0%| F|  |TAMS 0x0000000086700000, 0x0000000086700000| Untracked 
| 104|0x0000000086800000, 0x0000000086800000, 0x0000000086900000|  0%| F|  |TAMS 0x0000000086800000, 0x0000000086800000| Untracked 
| 105|0x0000000086900000, 0x0000000086900000, 0x0000000086a00000|  0%| F|  |TAMS 0x0000000086900000, 0x0000000086900000| Untracked 
| 106|0x0000000086a00000, 0x0000000086a80800, 0x0000000086b00000| 50%| E|  |TAMS 0x0000000086a00000, 0x0000000086a00000| Complete 
| 107|0x0000000086b00000, 0x0000000086c00000, 0x0000000086c00000|100%| E|CS|TAMS 0x0000000086b00000, 0x0000000086b00000| Complete 
| 108|0x0000000086c00000, 0x0000000086d00000, 0x0000000086d00000|100%| E|CS|TAMS 0x0000000086c00000, 0x0000000086c00000| Complete 
| 109|0x0000000086d00000, 0x0000000086e00000, 0x0000000086e00000|100%| E|CS|TAMS 0x0000000086d00000, 0x0000000086d00000| Complete 
| 110|0x0000000086e00000, 0x0000000086f00000, 0x0000000086f00000|100%| E|CS|TAMS 0x0000000086e00000, 0x0000000086e00000| Complete 
| 127|0x0000000087f00000, 0x0000000088000000, 0x0000000088000000|100%| E|CS|TAMS 0x0000000087f00000, 0x0000000087f00000| Complete 

Card table byte_map: [0x0000021243280000,0x0000021243680000] _byte_map_base: 0x0000021242e80000

Marking Bits (Prev, Next): (CMBitMap*) 0x000002122c7453b0, (CMBitMap*) 0x000002122c745370
 Prev Bits: [0x0000021245a80000, 0x0000021247a80000)
 Next Bits: [0x0000021243a80000, 0x0000021245a80000)

Polling page: 0x000002122a690000

Metaspace:

Usage:
  Non-class:     59.47 MB used.
      Class:      9.19 MB used.
       Both:     68.66 MB used.

Virtual space:
  Non-class space:       64.00 MB reserved,      59.75 MB ( 93%) committed,  8 nodes.
      Class space:        1.00 GB reserved,       9.44 MB ( <1%) committed,  1 nodes.
              Both:        1.06 GB reserved,      69.19 MB (  6%) committed. 

Chunk freelists:
   Non-Class:  288.00 KB
       Class:  2.38 MB
        Both:  2.66 MB

MaxMetaspaceSize: 17179869184.00 GB
CompressedClassSpaceSize: 1.00 GB
 - commit_granule_bytes: 65536.
 - commit_granule_words: 8192.
 - virtual_space_node_default_size: 1048576.
 - enlarge_chunks_in_place: 1.
 - new_chunks_are_fully_committed: 0.
 - uncommit_free_chunks: 1.
 - use_allocation_guard: 0.
 - handle_deallocations: 1.


Internal statistics:

num_allocs_failed_limit: 6.
num_arena_births: 566.
num_arena_deaths: 0.
num_vsnodes_births: 9.
num_vsnodes_deaths: 0.
num_space_committed: 1105.
num_space_uncommitted: 0.
num_chunks_returned_to_freelist: 6.
num_chunks_taken_from_freelist: 2988.
num_chunk_merges: 6.
num_chunk_splits: 2333.
num_chunks_enlarged: 1932.
num_purges: 0.

CodeHeap 'non-profiled nmethods': size=120000Kb used=2612Kb max_used=3117Kb free=117387Kb
 bounds [0x000002123b950000, 0x000002123bc60000, 0x0000021242e80000]
CodeHeap 'profiled nmethods': size=120000Kb used=9518Kb max_used=10450Kb free=110481Kb
 bounds [0x0000021234420000, 0x0000021234e90000, 0x000002123b950000]
CodeHeap 'non-nmethods': size=5760Kb used=1702Kb max_used=1719Kb free=4057Kb
 bounds [0x0000021233e80000, 0x00000212340f0000, 0x0000021234420000]
 total_blobs=5426 nmethods=4638 adapters=700
 compilation: enabled
              stopped_count=0, restarted_count=0
 full_count=0

Compilation events (20 events):
Event: 18.672 Thread 0x0000021249f14b20 5426       3       org.jetbrains.kotlin.load.java.structure.impl.classFiles.BinaryClassSignatureParser::parseTypeString (120 bytes)
Event: 18.675 Thread 0x0000021249f14b20 nmethod 5426 0x0000021234c9f310 code [0x0000021234c9f720, 0x0000021234ca12e8]
Event: 18.675 Thread 0x0000021249f14b20 5427       3       org.jetbrains.kotlin.load.java.structure.impl.classFiles.BinaryClassSignatureParser::parseDimensions (28 bytes)
Event: 18.675 Thread 0x0000021249f14b20 nmethod 5427 0x000002123481e610 code [0x000002123481e7e0, 0x000002123481ead8]
Event: 18.675 Thread 0x0000021249f14b20 5429       3       org.jetbrains.kotlin.com.intellij.util.pico.DefaultPicoContainer$InstanceComponentAdapter::getComponentInstance (5 bytes)
Event: 18.675 Thread 0x0000021249f14b20 nmethod 5429 0x0000021234954590 code [0x0000021234954720, 0x0000021234954838]
Event: 18.675 Thread 0x0000021249f14b20 5428       1       org.jetbrains.kotlin.load.java.structure.impl.classFiles.BinaryJavaClass::getMethods (5 bytes)
Event: 18.675 Thread 0x0000021249f14b20 nmethod 5428 0x000002123bb66d10 code [0x000002123bb66ea0, 0x000002123bb66f78]
Event: 18.679 Thread 0x0000021249f14b20 5430       1       kotlin.sequences.TransformingSequence::access$getSequence$p (5 bytes)
Event: 18.679 Thread 0x0000021249f14b20 nmethod 5430 0x000002123bb66a10 code [0x000002123bb66ba0, 0x000002123bb66c58]
Event: 18.680 Thread 0x0000021249f14b20 5431       3       org.jetbrains.kotlin.descriptors.annotations.Annotations$Companion::getEMPTY (4 bytes)
Event: 18.681 Thread 0x0000021249f14b20 nmethod 5431 0x0000021234a2d390 code [0x0000021234a2d520, 0x0000021234a2d638]
Event: 18.689 Thread 0x0000021249f14b20 5432       3       org.jetbrains.kotlin.storage.LockBasedStorageManager$LockBasedLazyValue::postCompute (1 bytes)
Event: 18.689 Thread 0x0000021249f14b20 nmethod 5432 0x0000021234a60410 code [0x0000021234a605a0, 0x0000021234a606b8]
Event: 18.694 Thread 0x0000021249f14b20 5433       3       org.jetbrains.kotlin.serialization.deserialization.descriptors.DeserializedPackageMemberScope::getContributedClassifier (26 bytes)
Event: 18.695 Thread 0x0000021249f14b20 nmethod 5433 0x0000021234806f10 code [0x00000212348072c0, 0x00000212348087d8]
Event: 18.695 Thread 0x0000021249f14b20 5434       3       org.jetbrains.kotlin.serialization.deserialization.descriptors.DeserializedPackageMemberScope::recordLookup (33 bytes)
Event: 18.696 Thread 0x0000021249f14b20 nmethod 5434 0x00000212345aa510 code [0x00000212345aa7c0, 0x00000212345ab2e8]
Event: 18.696 Thread 0x0000021249f14b20 5435       3       org.jetbrains.kotlin.serialization.deserialization.descriptors.DeserializedMemberScope$OptimizedImplementation::getTypeAliasNames (10 bytes)
Event: 18.697 Thread 0x0000021249f14b20 nmethod 5435 0x000002123462ea90 code [0x000002123462ec40, 0x000002123462ee28]

GC Heap History (20 events):
Event: 14.973 GC heap before
{Heap before GC invocations=14 (full 0):
 garbage-first heap   total 89088K, used 46893K [0x0000000080000000, 0x0000000100000000)
  region size 1024K, 15 young (15360K), 4 survivors (4096K)
 Metaspace       used 52143K, committed 52608K, reserved 1097728K
  class space    used 7413K, committed 7616K, reserved 1048576K
}
Event: 14.978 GC heap after
{Heap after GC invocations=15 (full 0):
 garbage-first heap   total 89088K, used 36927K [0x0000000080000000, 0x0000000100000000)
  region size 1024K, 3 young (3072K), 3 survivors (3072K)
 Metaspace       used 52143K, committed 52608K, reserved 1097728K
  class space    used 7413K, committed 7616K, reserved 1048576K
}
Event: 15.006 GC heap before
{Heap before GC invocations=15 (full 0):
 garbage-first heap   total 89088K, used 43071K [0x0000000080000000, 0x0000000100000000)
  region size 1024K, 4 young (4096K), 3 survivors (3072K)
 Metaspace       used 52143K, committed 52608K, reserved 1097728K
  class space    used 7413K, committed 7616K, reserved 1048576K
}
Event: 15.011 GC heap after
{Heap after GC invocations=16 (full 0):
 garbage-first heap   total 89088K, used 43215K [0x0000000080000000, 0x0000000100000000)
  region size 1024K, 2 young (2048K), 2 survivors (2048K)
 Metaspace       used 52143K, committed 52608K, reserved 1097728K
  class space    used 7413K, committed 7616K, reserved 1048576K
}
Event: 15.525 GC heap before
{Heap before GC invocations=17 (full 0):
 garbage-first heap   total 89088K, used 74959K [0x0000000080000000, 0x0000000100000000)
  region size 1024K, 33 young (33792K), 2 survivors (2048K)
 Metaspace       used 52464K, committed 52992K, reserved 1097728K
  class space    used 7421K, committed 7616K, reserved 1048576K
}
Event: 15.543 GC heap after
{Heap after GC invocations=18 (full 0):
 garbage-first heap   total 89088K, used 53576K [0x0000000080000000, 0x0000000100000000)
  region size 1024K, 5 young (5120K), 5 survivors (5120K)
 Metaspace       used 52464K, committed 52992K, reserved 1097728K
  class space    used 7421K, committed 7616K, reserved 1048576K
}
Event: 15.856 GC heap before
{Heap before GC invocations=18 (full 0):
 garbage-first heap   total 89088K, used 69960K [0x0000000080000000, 0x0000000100000000)
  region size 1024K, 22 young (22528K), 5 survivors (5120K)
 Metaspace       used 53584K, committed 54080K, reserved 1097728K
  class space    used 7582K, committed 7808K, reserved 1048576K
}
Event: 15.867 GC heap after
{Heap after GC invocations=19 (full 0):
 garbage-first heap   total 107520K, used 48449K [0x0000000080000000, 0x0000000100000000)
  region size 1024K, 2 young (2048K), 2 survivors (2048K)
 Metaspace       used 53584K, committed 54080K, reserved 1097728K
  class space    used 7582K, committed 7808K, reserved 1048576K
}
Event: 16.316 GC heap before
{Heap before GC invocations=20 (full 0):
 garbage-first heap   total 107520K, used 69953K [0x0000000080000000, 0x0000000100000000)
  region size 1024K, 24 young (24576K), 2 survivors (2048K)
 Metaspace       used 56466K, committed 56960K, reserved 1097728K
  class space    used 7896K, committed 8128K, reserved 1048576K
}
Event: 16.322 GC heap after
{Heap after GC invocations=21 (full 0):
 garbage-first heap   total 107520K, used 49295K [0x0000000080000000, 0x0000000100000000)
  region size 1024K, 3 young (3072K), 3 survivors (3072K)
 Metaspace       used 56466K, committed 56960K, reserved 1097728K
  class space    used 7896K, committed 8128K, reserved 1048576K
}
Event: 16.332 GC heap before
{Heap before GC invocations=21 (full 0):
 garbage-first heap   total 107520K, used 55439K [0x0000000080000000, 0x0000000100000000)
  region size 1024K, 4 young (4096K), 3 survivors (3072K)
 Metaspace       used 56466K, committed 56960K, reserved 1097728K
  class space    used 7896K, committed 8128K, reserved 1048576K
}
Event: 16.335 GC heap after
{Heap after GC invocations=22 (full 0):
 garbage-first heap   total 107520K, used 55662K [0x0000000080000000, 0x0000000100000000)
  region size 1024K, 2 young (2048K), 2 survivors (2048K)
 Metaspace       used 56466K, committed 56960K, reserved 1097728K
  class space    used 7896K, committed 8128K, reserved 1048576K
}
Event: 16.920 GC heap before
{Heap before GC invocations=23 (full 0):
 garbage-first heap   total 107520K, used 86382K [0x0000000080000000, 0x0000000100000000)
  region size 1024K, 31 young (31744K), 2 survivors (2048K)
 Metaspace       used 59370K, committed 59776K, reserved 1105920K
  class space    used 8187K, committed 8384K, reserved 1048576K
}
Event: 16.925 GC heap after
{Heap after GC invocations=24 (full 0):
 garbage-first heap   total 107520K, used 58763K [0x0000000080000000, 0x0000000100000000)
  region size 1024K, 4 young (4096K), 4 survivors (4096K)
 Metaspace       used 59370K, committed 59776K, reserved 1105920K
  class space    used 8187K, committed 8384K, reserved 1048576K
}
Event: 17.311 GC heap before
{Heap before GC invocations=24 (full 0):
 garbage-first heap   total 107520K, used 86411K [0x0000000080000000, 0x0000000100000000)
  region size 1024K, 31 young (31744K), 4 survivors (4096K)
 Metaspace       used 62657K, committed 63168K, reserved 1105920K
  class space    used 8458K, committed 8704K, reserved 1048576K
}
Event: 17.318 GC heap after
{Heap after GC invocations=25 (full 0):
 garbage-first heap   total 107520K, used 61167K [0x0000000080000000, 0x0000000100000000)
  region size 1024K, 3 young (3072K), 3 survivors (3072K)
 Metaspace       used 62657K, committed 63168K, reserved 1105920K
  class space    used 8458K, committed 8704K, reserved 1048576K
}
Event: 17.894 GC heap before
{Heap before GC invocations=26 (full 0):
 garbage-first heap   total 114688K, used 85743K [0x0000000080000000, 0x0000000100000000)
  region size 1024K, 28 young (28672K), 3 survivors (3072K)
 Metaspace       used 65751K, committed 66240K, reserved 1105920K
  class space    used 8831K, committed 9024K, reserved 1048576K
}
Event: 17.900 GC heap after
{Heap after GC invocations=27 (full 0):
 garbage-first heap   total 114688K, used 61289K [0x0000000080000000, 0x0000000100000000)
  region size 1024K, 1 young (1024K), 1 survivors (1024K)
 Metaspace       used 65751K, committed 66240K, reserved 1105920K
  class space    used 8831K, committed 9024K, reserved 1048576K
}
Event: 18.562 GC heap before
{Heap before GC invocations=27 (full 0):
 garbage-first heap   total 114688K, used 93033K [0x0000000080000000, 0x0000000100000000)
  region size 1024K, 32 young (32768K), 1 survivors (1024K)
 Metaspace       used 69696K, committed 70272K, reserved 1114112K
  class space    used 9330K, committed 9600K, reserved 1048576K
}
Event: 18.568 GC heap after
{Heap after GC invocations=28 (full 0):
 garbage-first heap   total 114688K, used 63091K [0x0000000080000000, 0x0000000100000000)
  region size 1024K, 3 young (3072K), 3 survivors (3072K)
 Metaspace       used 69696K, committed 70272K, reserved 1114112K
  class space    used 9330K, committed 9600K, reserved 1048576K
}

Deoptimization events (20 events):
Event: 17.692 Thread 0x000002124b83ac70 Uncommon trap: trap_request=0xffffffde fr.pc=0x000002123bac1918 relative=0x0000000000000078
Event: 17.692 Thread 0x000002124b83ac70 Uncommon trap: reason=class_check action=maybe_recompile pc=0x000002123bac1918 method=java.util.Collections$SetFromMap.remove(Ljava/lang/Object;)Z @ 5 c2
Event: 17.693 Thread 0x000002124b83ac70 DEOPT PACKING pc=0x000002123bac1918 sp=0x000000a34e6f4c90
Event: 17.693 Thread 0x000002124b83ac70 DEOPT UNPACKING pc=0x0000021233ecd72e sp=0x000000a34e6f4c28 mode 2
Event: 17.765 Thread 0x000002124b83ac70 Uncommon trap: trap_request=0xffffff45 fr.pc=0x000002123bc262ec relative=0x00000000000006ac
Event: 17.765 Thread 0x000002124b83ac70 Uncommon trap: reason=unstable_if action=reinterpret pc=0x000002123bc262ec method=org.jetbrains.org.objectweb.asm.ClassReader.readUtf(II[C)Ljava/lang/String; @ 41 c2
Event: 17.765 Thread 0x000002124b83ac70 DEOPT PACKING pc=0x000002123bc262ec sp=0x000000a34e6f4a40
Event: 17.765 Thread 0x000002124b83ac70 DEOPT UNPACKING pc=0x0000021233ecd72e sp=0x000000a34e6f4958 mode 2
Event: 17.794 Thread 0x000002124b83ac70 Uncommon trap: trap_request=0xffffff45 fr.pc=0x000002123bc22b38 relative=0x0000000000000578
Event: 17.794 Thread 0x000002124b83ac70 Uncommon trap: reason=unstable_if action=reinterpret pc=0x000002123bc22b38 method=org.jetbrains.org.objectweb.asm.ClassReader.readUtf(II[C)Ljava/lang/String; @ 41 c2
Event: 17.794 Thread 0x000002124b83ac70 DEOPT PACKING pc=0x000002123bc22b38 sp=0x000000a34e6f43a0
Event: 17.794 Thread 0x000002124b83ac70 DEOPT UNPACKING pc=0x0000021233ecd72e sp=0x000000a34e6f4368 mode 2
Event: 18.222 Thread 0x000002124b83ac70 Uncommon trap: trap_request=0xffffffcc fr.pc=0x000002123b9b04d8 relative=0x0000000000002df8
Event: 18.222 Thread 0x000002124b83ac70 Uncommon trap: reason=intrinsic_or_type_checked_inlining action=make_not_entrant pc=0x000002123b9b04d8 method=java.util.ArrayList$SubList.toArray([Ljava/lang/Object;)[Ljava/lang/Object; @ 58 c2
Event: 18.222 Thread 0x000002124b83ac70 DEOPT PACKING pc=0x000002123b9b04d8 sp=0x000000a34e6f30a0
Event: 18.222 Thread 0x000002124b83ac70 DEOPT UNPACKING pc=0x0000021233ecd72e sp=0x000000a34e6f3058 mode 2
Event: 18.538 Thread 0x000002124b83ac70 Uncommon trap: trap_request=0xffffff45 fr.pc=0x000002123b98a9e4 relative=0x00000000000000c4
Event: 18.538 Thread 0x000002124b83ac70 Uncommon trap: reason=unstable_if action=reinterpret pc=0x000002123b98a9e4 method=java.text.StringCharacterIterator.current()C @ 19 c2
Event: 18.538 Thread 0x000002124b83ac70 DEOPT PACKING pc=0x000002123b98a9e4 sp=0x000000a34e6f2880
Event: 18.538 Thread 0x000002124b83ac70 DEOPT UNPACKING pc=0x0000021233ecd72e sp=0x000000a34e6f2818 mode 2

Classes unloaded (0 events):
No events

Classes redefined (0 events):
No events

Internal exceptions (20 events):
Event: 14.112 Thread 0x000002124b83ac70 Exception <a 'java/lang/NoSuchMethodError'{0x00000000835ec6b8}: 'long java.lang.invoke.Invokers$Holder.invoke_MT(java.lang.Object, java.lang.Object, java.lang.Object, java.lang.Object)'> (0x00000000835ec6b8) 
thrown [t:\workspace\open\src\hotspot\share\interpreter\linkResolver.cpp, line 790]
Event: 14.113 Thread 0x000002124b83ac70 Exception <a 'java/lang/NoSuchMethodError'{0x00000000835f5d20}: 'int java.lang.invoke.Invokers$Holder.invoke_MT(java.lang.Object, java.lang.Object, java.lang.Object, java.lang.Object)'> (0x00000000835f5d20) 
thrown [t:\workspace\open\src\hotspot\share\interpreter\linkResolver.cpp, line 790]
Event: 14.120 Thread 0x000002124b83ac70 Exception <a 'java/lang/NoSuchMethodError'{0x0000000087f07228}: 'void java.lang.invoke.DelegatingMethodHandle$Holder.reinvoke_L(java.lang.Object, java.lang.Object, java.lang.Object, long, java.lang.Object)'> (0x0000000087f07228) 
thrown [t:\workspace\open\src\hotspot\share\interpreter\linkResolver.cpp, line 790]
Event: 14.121 Thread 0x000002124b83ac70 Exception <a 'java/lang/NoSuchMethodError'{0x0000000087f0fe20}: 'java.lang.Object java.lang.invoke.DirectMethodHandle$Holder.invokeSpecial(java.lang.Object, java.lang.Object, java.lang.Object, java.lang.Object, long)'> (0x0000000087f0fe20) 
thrown [t:\workspace\open\src\hotspot\share\interpreter\linkResolver.cpp, line 790]
Event: 14.123 Thread 0x000002124b83ac70 Exception <a 'java/lang/NoSuchMethodError'{0x0000000087f20ce0}: 'int java.lang.invoke.DelegatingMethodHandle$Holder.reinvoke_L(java.lang.Object, java.lang.Object, java.lang.Object, long, java.lang.Object, java.lang.Object)'> (0x0000000087f20ce0) 
thrown [t:\workspace\open\src\hotspot\share\interpreter\linkResolver.cpp, line 790]
Event: 14.125 Thread 0x000002124b83ac70 Exception <a 'java/lang/NoSuchMethodError'{0x0000000087f31478}: 'int java.lang.invoke.DelegatingMethodHandle$Holder.reinvoke_L(java.lang.Object, java.lang.Object, java.lang.Object, long, int, int)'> (0x0000000087f31478) 
thrown [t:\workspace\open\src\hotspot\share\interpreter\linkResolver.cpp, line 790]
Event: 14.126 Thread 0x000002124b83ac70 Exception <a 'java/lang/NoSuchMethodError'{0x0000000087f419b0}: 'int java.lang.invoke.DelegatingMethodHandle$Holder.reinvoke_L(java.lang.Object, java.lang.Object, java.lang.Object, long, long, long)'> (0x0000000087f419b0) 
thrown [t:\workspace\open\src\hotspot\share\interpreter\linkResolver.cpp, line 790]
Event: 14.127 Thread 0x000002124b83ac70 Exception <a 'java/lang/NoSuchMethodError'{0x0000000087f51bd0}: 'int java.lang.invoke.DelegatingMethodHandle$Holder.reinvoke_L(java.lang.Object, java.lang.Object, java.lang.Object, long, int)'> (0x0000000087f51bd0) 
thrown [t:\workspace\open\src\hotspot\share\interpreter\linkResolver.cpp, line 790]
Event: 14.897 Thread 0x000002124b83ac70 Exception <a 'java/lang/NoSuchMethodError'{0x000000008528bf58}: 'java.lang.Object java.lang.invoke.Invokers$Holder.invokeExact_MT(java.lang.Object, java.lang.Object, long, java.lang.Object)'> (0x000000008528bf58) 
thrown [t:\workspace\open\src\hotspot\share\interpreter\linkResolver.cpp, line 790]
Event: 14.942 Thread 0x000002124b83ac70 Exception <a 'java/lang/NoSuchMethodError'{0x00000000850fe8a0}: 'java.lang.Object java.lang.invoke.Invokers$Holder.invoke_MT(java.lang.Object, java.lang.Object, java.lang.Object)'> (0x00000000850fe8a0) 
thrown [t:\workspace\open\src\hotspot\share\interpreter\linkResolver.cpp, line 790]
Event: 15.522 Thread 0x000002124b83ac70 Implicit null exception at 0x000002123bc0e6d7 to 0x000002123bc10544
Event: 15.522 Thread 0x000002124b83ac70 Implicit null exception at 0x000002123bc12139 to 0x000002123bc13074
Event: 17.651 Thread 0x000002124b83ac70 Exception <a 'java/lang/NoSuchMethodError'{0x00000000860036b8}: 'java.lang.Object java.lang.invoke.DirectMethodHandle$Holder.newInvokeSpecial(java.lang.Object, java.lang.Object, java.lang.Object, int)'> (0x00000000860036b8) 
thrown [t:\workspace\open\src\hotspot\share\interpreter\linkResolver.cpp, line 790]
Event: 17.652 Thread 0x000002124b83ac70 Exception <a 'java/lang/NoSuchMethodError'{0x0000000086009398}: 'java.lang.Object java.lang.invoke.DirectMethodHandle$Holder.invokeSpecial(java.lang.Object, java.lang.Object, java.lang.Object, java.lang.Object, int)'> (0x0000000086009398) 
thrown [t:\workspace\open\src\hotspot\share\interpreter\linkResolver.cpp, line 790]
Event: 17.653 Thread 0x000002124b83ac70 Exception <a 'java/lang/NoSuchMethodError'{0x000000008600e940}: 'java.lang.Object java.lang.invoke.Invokers$Holder.linkToTargetMethod(java.lang.Object, java.lang.Object, int, java.lang.Object)'> (0x000000008600e940) 
thrown [t:\workspace\open\src\hotspot\share\interpreter\linkResolver.cpp, line 790]
Event: 17.675 Thread 0x000002124b83ac70 Implicit null exception at 0x000002123bb11bec to 0x000002123bb11c9c
Event: 18.422 Thread 0x000002124b83ac70 Exception <a 'java/lang/NoSuchMethodError'{0x0000000085565fa0}: 'java.lang.Object java.lang.invoke.DirectMethodHandle$Holder.invokeStatic(java.lang.Object, java.lang.Object, java.lang.Object, java.lang.Object, int)'> (0x0000000085565fa0) 
thrown [t:\workspace\open\src\hotspot\share\interpreter\linkResolver.cpp, line 790]
Event: 18.423 Thread 0x000002124b83ac70 Exception <a 'java/lang/NoSuchMethodError'{0x0000000085571910}: 'java.lang.Object java.lang.invoke.DirectMethodHandle$Holder.newInvokeSpecial(java.lang.Object, java.lang.Object, java.lang.Object, java.lang.Object, int)'> (0x0000000085571910) 
thrown [t:\workspace\open\src\hotspot\share\interpreter\linkResolver.cpp, line 790]
Event: 18.424 Thread 0x000002124b83ac70 Exception <a 'java/lang/NoSuchMethodError'{0x00000000855777f0}: 'java.lang.Object java.lang.invoke.DirectMethodHandle$Holder.invokeSpecial(java.lang.Object, java.lang.Object, java.lang.Object, java.lang.Object, java.lang.Object, int)'> (0x00000000855777f0) 
thrown [t:\workspace\open\src\hotspot\share\interpreter\linkResolver.cpp, line 790]
Event: 18.424 Thread 0x000002124b83ac70 Exception <a 'java/lang/NoSuchMethodError'{0x000000008557d168}: 'java.lang.Object java.lang.invoke.Invokers$Holder.linkToTargetMethod(java.lang.Object, java.lang.Object, java.lang.Object, int, java.lang.Object)'> (0x000000008557d168) 
thrown [t:\workspace\open\src\hotspot\share\interpreter\linkResolver.cpp, line 790]

Events (20 events):
Event: 17.900 Executing  VM operation: G1CollectForAllocation done
Event: 17.954 loading class java/io/NotSerializableException
Event: 17.954 loading class java/io/NotSerializableException done
Event: 17.994 loading class java/util/AbstractList$ListItr
Event: 17.994 loading class java/util/AbstractList$ListItr done
Event: 17.994 Executing  VM operation: HandshakeAllThreads
Event: 17.994 Executing  VM operation: HandshakeAllThreads done
Event: 18.342 loading class java/util/function/IntUnaryOperator
Event: 18.342 loading class java/util/function/IntUnaryOperator done
Event: 18.395 loading class java/util/AbstractList$SubList
Event: 18.396 loading class java/util/AbstractList$SubList done
Event: 18.396 loading class java/util/AbstractList$SubList$1
Event: 18.396 loading class java/util/AbstractList$SubList$1 done
Event: 18.453 Thread 0x000002124b8e1350 Thread exited: 0x000002124b8e1350
Event: 18.513 Executing  VM operation: HandshakeAllThreads
Event: 18.513 Executing  VM operation: HandshakeAllThreads done
Event: 18.561 Executing  VM operation: G1CollectForAllocation
Event: 18.570 Executing  VM operation: G1CollectForAllocation done
Event: 18.699 Executing  VM operation: G1Concurrent
Event: 18.703 Executing  VM operation: G1Concurrent done


Dynamic libraries:
0x00007ff64a4f0000 - 0x00007ff64a500000 	C:\Program Files\Java\jdk-16.0.2\bin\java.exe
0x00007ffad7d30000 - 0x00007ffad7f28000 	C:\WINDOWS\SYSTEM32\ntdll.dll
0x00007ffad6d90000 - 0x00007ffad6e52000 	C:\WINDOWS\System32\KERNEL32.DLL
0x00007ffad5760000 - 0x00007ffad5a5f000 	C:\WINDOWS\System32\KERNELBASE.dll
0x00007ffad5cb0000 - 0x00007ffad5db0000 	C:\WINDOWS\System32\ucrtbase.dll
0x00007ffab4c70000 - 0x00007ffab4c88000 	C:\Program Files\Java\jdk-16.0.2\bin\jli.dll
0x00007ffab1bc0000 - 0x00007ffab1bd9000 	C:\Program Files\Java\jdk-16.0.2\bin\VCRUNTIME140.dll
0x00007ffad6ce0000 - 0x00007ffad6d8f000 	C:\WINDOWS\System32\ADVAPI32.dll
0x00007ffad76c0000 - 0x00007ffad775e000 	C:\WINDOWS\System32\msvcrt.dll
0x00007ffad61c0000 - 0x00007ffad625f000 	C:\WINDOWS\System32\sechost.dll
0x00007ffad74b0000 - 0x00007ffad75d3000 	C:\WINDOWS\System32\RPCRT4.dll
0x00007ffad5a60000 - 0x00007ffad5a87000 	C:\WINDOWS\System32\bcrypt.dll
0x00007ffad7b50000 - 0x00007ffad7ced000 	C:\WINDOWS\System32\USER32.dll
0x00007ffad54e0000 - 0x00007ffad5502000 	C:\WINDOWS\System32\win32u.dll
0x00007ffad7ac0000 - 0x00007ffad7aeb000 	C:\WINDOWS\System32\GDI32.dll
0x00007ffad5640000 - 0x00007ffad575a000 	C:\WINDOWS\System32\gdi32full.dll
0x00007ffac5e20000 - 0x00007ffac60ba000 	C:\WINDOWS\WinSxS\amd64_microsoft.windows.common-controls_6595b64144ccf1df_6.0.19041.4355_none_60b8b9eb71f62e16\COMCTL32.dll
0x00007ffad5510000 - 0x00007ffad55ad000 	C:\WINDOWS\System32\msvcp_win.dll
0x00007ffac6bf0000 - 0x00007ffac6bfa000 	C:\WINDOWS\SYSTEM32\VERSION.dll
0x00007ffad6190000 - 0x00007ffad61bf000 	C:\WINDOWS\System32\IMM32.DLL
0x00007ffac66f0000 - 0x00007ffac66fc000 	C:\Program Files\Java\jdk-16.0.2\bin\vcruntime140_1.dll
0x00007ffa7b2a0000 - 0x00007ffa7b331000 	C:\Program Files\Java\jdk-16.0.2\bin\msvcp140.dll
0x00007ffa4e1c0000 - 0x00007ffa4ed6b000 	C:\Program Files\Java\jdk-16.0.2\bin\server\jvm.dll
0x00007ffad76b0000 - 0x00007ffad76b8000 	C:\WINDOWS\System32\PSAPI.DLL
0x00007ffac4f30000 - 0x00007ffac4f39000 	C:\WINDOWS\SYSTEM32\WSOCK32.dll
0x00007ffac6c00000 - 0x00007ffac6c27000 	C:\WINDOWS\SYSTEM32\WINMM.dll
0x00007ffad7640000 - 0x00007ffad76ab000 	C:\WINDOWS\System32\WS2_32.dll
0x00007ffad32b0000 - 0x00007ffad32c2000 	C:\WINDOWS\SYSTEM32\kernel.appcore.dll
0x00007ffac4ee0000 - 0x00007ffac4eea000 	C:\Program Files\Java\jdk-16.0.2\bin\jimage.dll
0x00007ffabf610000 - 0x00007ffabf7f4000 	C:\WINDOWS\SYSTEM32\DBGHELP.DLL
0x00007ffabf5d0000 - 0x00007ffabf604000 	C:\WINDOWS\SYSTEM32\dbgcore.DLL
0x00007ffad55b0000 - 0x00007ffad5632000 	C:\WINDOWS\System32\bcryptPrimitives.dll
0x00007ffac13b0000 - 0x00007ffac13be000 	C:\Program Files\Java\jdk-16.0.2\bin\instrument.dll
0x00007ffaad2e0000 - 0x00007ffaad305000 	C:\Program Files\Java\jdk-16.0.2\bin\java.dll
0x00007ffad6370000 - 0x00007ffad6add000 	C:\WINDOWS\System32\SHELL32.dll
0x00007ffad34b0000 - 0x00007ffad3c54000 	C:\WINDOWS\SYSTEM32\windows.storage.dll
0x00007ffad7760000 - 0x00007ffad7ab5000 	C:\WINDOWS\System32\combase.dll
0x00007ffad4d90000 - 0x00007ffad4dbf000 	C:\WINDOWS\SYSTEM32\Wldp.dll
0x00007ffad6c10000 - 0x00007ffad6cdd000 	C:\WINDOWS\System32\OLEAUT32.dll
0x00007ffad72e0000 - 0x00007ffad738d000 	C:\WINDOWS\System32\SHCORE.dll
0x00007ffad6260000 - 0x00007ffad62b5000 	C:\WINDOWS\System32\shlwapi.dll
0x00007ffad5360000 - 0x00007ffad5384000 	C:\WINDOWS\SYSTEM32\profapi.dll
0x00007ffaae7e0000 - 0x00007ffaae7f8000 	C:\Program Files\Java\jdk-16.0.2\bin\zip.dll
0x00007ffab1120000 - 0x00007ffab1139000 	C:\Program Files\Java\jdk-16.0.2\bin\net.dll
0x00007ffacaa70000 - 0x00007ffacab7a000 	C:\WINDOWS\SYSTEM32\WINHTTP.dll
0x00007ffad4af0000 - 0x00007ffad4b5c000 	C:\WINDOWS\system32\mswsock.dll
0x00007ffaae9b0000 - 0x00007ffaae9c3000 	C:\Program Files\Java\jdk-16.0.2\bin\nio.dll
0x00007ffac4d10000 - 0x00007ffac4d20000 	C:\Program Files\Java\jdk-16.0.2\bin\verify.dll
0x00007fface270000 - 0x00007fface297000 	C:\Users\Amiga\.gradle\native\c067742578af261105cb4f569cf0c3c89f3d7b1fecec35dd04571415982c5e48\windows-amd64\native-platform.dll
0x00007ffaa2b50000 - 0x00007ffaa2c94000 	C:\Users\Amiga\.gradle\native\100fb08df4bc3b14c8652ba06237920a3bd2aa13389f12d3474272988ae205f9\windows-amd64\native-platform-file-events.dll
0x00007ffac47f0000 - 0x00007ffac47f9000 	C:\Program Files\Java\jdk-16.0.2\bin\management.dll
0x00007ffac1e90000 - 0x00007ffac1e9b000 	C:\Program Files\Java\jdk-16.0.2\bin\management_ext.dll
0x00007ffad4ce0000 - 0x00007ffad4cf8000 	C:\WINDOWS\SYSTEM32\CRYPTSP.dll
0x00007ffad4410000 - 0x00007ffad4444000 	C:\WINDOWS\system32\rsaenh.dll
0x00007ffad5270000 - 0x00007ffad529e000 	C:\WINDOWS\SYSTEM32\USERENV.dll
0x00007ffad4d00000 - 0x00007ffad4d0c000 	C:\WINDOWS\SYSTEM32\CRYPTBASE.dll
0x00007ffad47d0000 - 0x00007ffad480b000 	C:\WINDOWS\SYSTEM32\IPHLPAPI.DLL
0x00007ffad6160000 - 0x00007ffad6168000 	C:\WINDOWS\System32\NSI.dll
0x00007ffacb640000 - 0x00007ffacb657000 	C:\WINDOWS\SYSTEM32\dhcpcsvc6.DLL
0x00007ffacc1b0000 - 0x00007ffacc1cd000 	C:\WINDOWS\SYSTEM32\dhcpcsvc.DLL
0x00007ffad4810000 - 0x00007ffad48da000 	C:\WINDOWS\SYSTEM32\DNSAPI.dll
0x00007ffacf990000 - 0x00007ffacf99e000 	C:\Program Files\Java\jdk-16.0.2\bin\sunmscapi.dll
0x00007ffad5b50000 - 0x00007ffad5cac000 	C:\WINDOWS\System32\CRYPT32.dll
0x00007ffad4e00000 - 0x00007ffad4e27000 	C:\WINDOWS\SYSTEM32\ncrypt.dll
0x00007ffad4dc0000 - 0x00007ffad4dfb000 	C:\WINDOWS\SYSTEM32\NTASN1.dll
0x00007ffacf940000 - 0x00007ffacf947000 	C:\WINDOWS\system32\wshunix.dll

dbghelp: loaded successfully - version: 4.0.5 - missing functions: none
symbol engine: initialized successfully - sym options: 0x614 - pdb path: .;C:\Program Files\Java\jdk-16.0.2\bin;C:\WINDOWS\SYSTEM32;C:\WINDOWS\WinSxS\amd64_microsoft.windows.common-controls_6595b64144ccf1df_6.0.19041.4355_none_60b8b9eb71f62e16;C:\Program Files\Java\jdk-16.0.2\bin\server;C:\Users\Amiga\.gradle\native\c067742578af261105cb4f569cf0c3c89f3d7b1fecec35dd04571415982c5e48\windows-amd64;C:\Users\Amiga\.gradle\native\100fb08df4bc3b14c8652ba06237920a3bd2aa13389f12d3474272988ae205f9\windows-amd64

VM Arguments:
jvm_args: --add-opens=java.base/java.util=ALL-UNNAMED --add-opens=java.base/java.lang=ALL-UNNAMED --add-opens=java.base/java.lang.invoke=ALL-UNNAMED --add-opens=java.prefs/java.util.prefs=ALL-UNNAMED --add-exports=jdk.compiler/com.sun.tools.javac.api=ALL-UNNAMED --add-exports=jdk.compiler/com.sun.tools.javac.util=ALL-UNNAMED --add-opens=java.base/java.nio.charset=ALL-UNNAMED --add-opens=java.base/java.net=ALL-UNNAMED --add-opens=java.base/java.util.concurrent.atomic=ALL-UNNAMED -Xmx2048m -Dfile.encoding=UTF-8 -Duser.country=US -Duser.language=en -Duser.variant -javaagent:C:\Users\Amiga\.gradle\wrapper\dists\gradle-8.9-bin\90cnw93cvbtalezasaz0blq0a\gradle-8.9\lib\agents\gradle-instrumentation-agent-8.9.jar 
java_command: org.gradle.launcher.daemon.bootstrap.GradleDaemon 8.9
java_class_path (initial): C:\Users\Amiga\.gradle\wrapper\dists\gradle-8.9-bin\90cnw93cvbtalezasaz0blq0a\gradle-8.9\lib\gradle-daemon-main-8.9.jar
Launcher Type: SUN_STANDARD

[Global flags]
     intx CICompilerCount                          = 3                                         {product} {ergonomic}
     uint ConcGCThreads                            = 1                                         {product} {ergonomic}
     uint G1ConcRefinementThreads                  = 4                                         {product} {ergonomic}
   size_t G1HeapRegionSize                         = 1048576                                   {product} {ergonomic}
    uintx GCDrainStackTargetSize                   = 64                                        {product} {ergonomic}
   size_t InitialHeapSize                          = 134217728                                 {product} {ergonomic}
   size_t MarkStackSize                            = 4194304                                   {product} {ergonomic}
   size_t MaxHeapSize                              = 2147483648                                {product} {command line}
   size_t MaxNewSize                               = 1287651328                                {product} {ergonomic}
   size_t MinHeapDeltaBytes                        = 1048576                                   {product} {ergonomic}
   size_t MinHeapSize                              = 8388608                                   {product} {ergonomic}
    uintx NonNMethodCodeHeapSize                   = 5832780                                {pd product} {ergonomic}
    uintx NonProfiledCodeHeapSize                  = 122912730                              {pd product} {ergonomic}
    uintx ProfiledCodeHeapSize                     = 122912730                              {pd product} {ergonomic}
    uintx ReservedCodeCacheSize                    = 251658240                              {pd product} {ergonomic}
     bool SegmentedCodeCache                       = true                                      {product} {ergonomic}
   size_t SoftMaxHeapSize                          = 2147483648                             {manageable} {ergonomic}
     bool UseCompressedClassPointers               = true                           {product lp64_product} {ergonomic}
     bool UseCompressedOops                        = true                           {product lp64_product} {ergonomic}
     bool UseG1GC                                  = true                                      {product} {ergonomic}
     bool UseLargePagesIndividualAllocation        = false                                  {pd product} {ergonomic}

Logging:
Log output configuration:
 #0: stdout all=warning uptime,level,tags
 #1: stderr all=off uptime,level,tags

Environment Variables:
CLASSPATH=C:\Users\Amiga\AndroidStudioProjects\EcoRaySolutions\\gradle\wrapper\gradle-wrapper.jar
PATH=C:\Program Files\Common Files\Oracle\Java\javapath;C:\WINDOWS\system32;C:\WINDOWS;C:\WINDOWS\System32\Wbem;C:\WINDOWS\System32\WindowsPowerShell\v1.0\;C:\WINDOWS\System32\OpenSSH\;C:\Program Files\dotnet\;C:\Program Files\nodejs\;C:\Program Files\Git\cmd;;C:\Users\Amiga\AppData\Local\Programs\Microsoft VS Code\bin;C:\Users\Amiga\AppData\Local\Microsoft\WindowsApps;C:\Users\Amiga\.dotnet\tools;C:\Users\Amiga\AppData\Roaming\npm
USERNAME=Amiga
OS=Windows_NT
PROCESSOR_IDENTIFIER=Intel64 Family 6 Model 58 Stepping 9, GenuineIntel



---------------  S Y S T E M  ---------------

OS:
 Windows 10 , 64 bit Build 19041 (10.0.19041.5438)
OS uptime: 1 days 4:50 hours

CPU: total 4 (initial active 4) (2 cores per cpu, 2 threads per core) family 6 model 58 stepping 9 microcode 0x21, cx8, cmov, fxsr, ht, mmx, sse, sse2, sse3, ssse3, sse4.1, sse4.2, popcnt, tsc, tscinvbit, avx, aes, erms, clmul, vzeroupper, clflush

Memory: 4k page, system-wide physical 8072M (1269M free)
TotalPageFile size 20336M (AvailPageFile size 5M)
current process WorkingSet (physical memory assigned to process): 300M, peak: 300M
current process commit charge ("private bytes"): 336M, peak: 337M

vm_info: Java HotSpot(TM) 64-Bit Server VM (16.0.2+7-67) for windows-amd64 JRE (16.0.2+7-67), built on Jun  8 2021 23:24:19 by "mach5one" with MS VC++ 16.7 (VS2019)

END.
